binding: user.agent=safari
Compiling module sweng2023.sweng.App
   Computing all possible rebind results for 'sweng2023.sweng.GreetingService'
      Rebinding sweng2023.sweng.GreetingService
         Invoking generator com.google.gwt.user.rebind.rpc.ServiceInterfaceProxyGenerator
            Generating client proxy for remote service interface 'sweng2023.sweng.GreetingService'
               [ERROR] 'sweng2023.sweng.Miacarta' has no instantiable subtypes
   [ERROR] Errors in 'sweng2023/sweng/App.java'
      [ERROR] Line 36: Failed to resolve 'sweng2023.sweng.GreetingService' via deferred binding
   Computing all possible rebind results for 'sweng2023.sweng.GreetingService'
      Rebinding sweng2023.sweng.GreetingService
         Invoking generator com.google.gwt.user.rebind.rpc.ServiceInterfaceProxyGenerator
            Generating client proxy for remote service interface 'sweng2023.sweng.GreetingService'
               [ERROR] 'sweng2023.sweng.Miacarta' has no instantiable subtypes
   [ERROR] Errors in 'sweng2023/sweng/YugiohPage.java'
      [ERROR] Line 18: Failed to resolve 'sweng2023.sweng.GreetingService' via deferred binding
   Computing all possible rebind results for 'sweng2023.sweng.GreetingService'
      Rebinding sweng2023.sweng.GreetingService
         Invoking generator com.google.gwt.user.rebind.rpc.ServiceInterfaceProxyGenerator
            Generating client proxy for remote service interface 'sweng2023.sweng.GreetingService'
               [ERROR] 'sweng2023.sweng.Miacarta' has no instantiable subtypes
   [ERROR] Errors in 'sweng2023/sweng/PokemonPage.java'
      [ERROR] Line 15: Failed to resolve 'sweng2023.sweng.GreetingService' via deferred binding
   Computing all possible rebind results for 'sweng2023.sweng.GreetingService'
      Rebinding sweng2023.sweng.GreetingService
         Invoking generator com.google.gwt.user.rebind.rpc.ServiceInterfaceProxyGenerator
            Generating client proxy for remote service interface 'sweng2023.sweng.GreetingService'
               [ERROR] 'sweng2023.sweng.Miacarta' has no instantiable subtypes
   [ERROR] Errors in 'sweng2023/sweng/DettagliPage.java'
      [ERROR] Line 20: Failed to resolve 'sweng2023.sweng.GreetingService' via deferred binding
   Computing all possible rebind results for 'sweng2023.sweng.GreetingService'
      Rebinding sweng2023.sweng.GreetingService
         Invoking generator com.google.gwt.user.rebind.rpc.ServiceInterfaceProxyGenerator
            Generating client proxy for remote service interface 'sweng2023.sweng.GreetingService'
               [ERROR] 'sweng2023.sweng.Miacarta' has no instantiable subtypes
   [ERROR] Errors in 'sweng2023/sweng/Login.java'
      [ERROR] Line 19: Failed to resolve 'sweng2023.sweng.GreetingService' via deferred binding
   Computing all possible rebind results for 'sweng2023.sweng.GreetingService'
      Rebinding sweng2023.sweng.GreetingService
         Invoking generator com.google.gwt.user.rebind.rpc.ServiceInterfaceProxyGenerator
            Generating client proxy for remote service interface 'sweng2023.sweng.GreetingService'
               [ERROR] 'sweng2023.sweng.Miacarta' has no instantiable subtypes
   [ERROR] Errors in 'sweng2023/sweng/Register.java'
      [ERROR] Line 19: Failed to resolve 'sweng2023.sweng.GreetingService' via deferred binding
   Computing all possible rebind results for 'sweng2023.sweng.GreetingService'
      Rebinding sweng2023.sweng.GreetingService
         Invoking generator com.google.gwt.user.rebind.rpc.ServiceInterfaceProxyGenerator
            Generating client proxy for remote service interface 'sweng2023.sweng.GreetingService'
               [ERROR] 'sweng2023.sweng.Miacarta' has no instantiable subtypes
   [ERROR] Errors in 'sweng2023/sweng/MagicPage.java'
      [ERROR] Line 15: Failed to resolve 'sweng2023.sweng.GreetingService' via deferred binding
   Unification traversed 974 fields and methods and 514 types. 15 are considered part of the current module and 23 had all of their fields and methods traversed.
   [WARN] Some stale types ([sweng2023.sweng.Miacarta_FieldSerializer, sweng2023.sweng.GreetingService_Proxy, sweng2023.sweng.GreetingService_TypeSerializer]) were not reprocessed as was expected. This is either a compiler bug or a Generator has legitimately stopped creating these types.
[ERROR] Compiler returned false
