binding: user.agent=safari
Compiling module sweng2023.sweng.App
   Computing all possible rebind results for 'sweng2023.sweng.GreetingService'
      Rebinding sweng2023.sweng.GreetingService
         Invoking generator com.google.gwt.user.rebind.rpc.ServiceInterfaceProxyGenerator
            Generating client proxy for remote service interface 'sweng2023.sweng.GreetingService'
               Checking the synchronous interface 'sweng2023.sweng.GreetingService' against its asynchronous version 'sweng2023.sweng.GreetingServiceAsync'
                  [ERROR] The asynchronous version of sweng2023.sweng.GreetingService has more methods than the synchronous version
                  A valid definition for the asynchronous version of interface 'sweng2023.sweng.GreetingService' would be:

                     [ERROR] 
package sweng2023.sweng;

public interface GreetingServiceAsync {
	void getCarte(java.lang.String filename, java.lang.String mapName, com.google.gwt.user.client.rpc.AsyncCallback<java.util.ArrayList<sweng2023.sweng.Carta>> arg3);
	void greetServer(java.lang.String name, com.google.gwt.user.client.rpc.AsyncCallback<sweng2023.sweng.GreetingResponse> arg2);
	void login(java.lang.String username, java.lang.String password, com.google.gwt.user.client.rpc.AsyncCallback<java.lang.Boolean> arg3);
	void register(java.lang.String username, java.lang.String password, com.google.gwt.user.client.rpc.AsyncCallback<java.lang.String> arg3);
}
   [ERROR] Errors in 'sweng2023/sweng/App.java'
      [ERROR] Line 36: Failed to resolve 'sweng2023.sweng.GreetingService' via deferred binding
   Computing all possible rebind results for 'sweng2023.sweng.GreetingService'
      Rebinding sweng2023.sweng.GreetingService
         Invoking generator com.google.gwt.user.rebind.rpc.ServiceInterfaceProxyGenerator
            Generating client proxy for remote service interface 'sweng2023.sweng.GreetingService'
               Checking the synchronous interface 'sweng2023.sweng.GreetingService' against its asynchronous version 'sweng2023.sweng.GreetingServiceAsync'
                  [ERROR] The asynchronous version of sweng2023.sweng.GreetingService has more methods than the synchronous version
                  A valid definition for the asynchronous version of interface 'sweng2023.sweng.GreetingService' would be:

                     [ERROR] 
package sweng2023.sweng;

public interface GreetingServiceAsync {
	void getCarte(java.lang.String filename, java.lang.String mapName, com.google.gwt.user.client.rpc.AsyncCallback<java.util.ArrayList<sweng2023.sweng.Carta>> arg3);
	void greetServer(java.lang.String name, com.google.gwt.user.client.rpc.AsyncCallback<sweng2023.sweng.GreetingResponse> arg2);
	void login(java.lang.String username, java.lang.String password, com.google.gwt.user.client.rpc.AsyncCallback<java.lang.Boolean> arg3);
	void register(java.lang.String username, java.lang.String password, com.google.gwt.user.client.rpc.AsyncCallback<java.lang.String> arg3);
}
   [ERROR] Errors in 'sweng2023/sweng/Register.java'
      [ERROR] Line 19: Failed to resolve 'sweng2023.sweng.GreetingService' via deferred binding
   Computing all possible rebind results for 'sweng2023.sweng.GreetingService'
      Rebinding sweng2023.sweng.GreetingService
         Invoking generator com.google.gwt.user.rebind.rpc.ServiceInterfaceProxyGenerator
            Generating client proxy for remote service interface 'sweng2023.sweng.GreetingService'
               Checking the synchronous interface 'sweng2023.sweng.GreetingService' against its asynchronous version 'sweng2023.sweng.GreetingServiceAsync'
                  [ERROR] The asynchronous version of sweng2023.sweng.GreetingService has more methods than the synchronous version
                  A valid definition for the asynchronous version of interface 'sweng2023.sweng.GreetingService' would be:

                     [ERROR] 
package sweng2023.sweng;

public interface GreetingServiceAsync {
	void getCarte(java.lang.String filename, java.lang.String mapName, com.google.gwt.user.client.rpc.AsyncCallback<java.util.ArrayList<sweng2023.sweng.Carta>> arg3);
	void greetServer(java.lang.String name, com.google.gwt.user.client.rpc.AsyncCallback<sweng2023.sweng.GreetingResponse> arg2);
	void login(java.lang.String username, java.lang.String password, com.google.gwt.user.client.rpc.AsyncCallback<java.lang.Boolean> arg3);
	void register(java.lang.String username, java.lang.String password, com.google.gwt.user.client.rpc.AsyncCallback<java.lang.String> arg3);
}
   [ERROR] Errors in 'sweng2023/sweng/YugiohPage.java'
      [ERROR] Line 18: Failed to resolve 'sweng2023.sweng.GreetingService' via deferred binding
   Computing all possible rebind results for 'sweng2023.sweng.GreetingService'
      Rebinding sweng2023.sweng.GreetingService
         Invoking generator com.google.gwt.user.rebind.rpc.ServiceInterfaceProxyGenerator
            Generating client proxy for remote service interface 'sweng2023.sweng.GreetingService'
               Checking the synchronous interface 'sweng2023.sweng.GreetingService' against its asynchronous version 'sweng2023.sweng.GreetingServiceAsync'
                  [ERROR] The asynchronous version of sweng2023.sweng.GreetingService has more methods than the synchronous version
                  A valid definition for the asynchronous version of interface 'sweng2023.sweng.GreetingService' would be:

                     [ERROR] 
package sweng2023.sweng;

public interface GreetingServiceAsync {
	void getCarte(java.lang.String filename, java.lang.String mapName, com.google.gwt.user.client.rpc.AsyncCallback<java.util.ArrayList<sweng2023.sweng.Carta>> arg3);
	void greetServer(java.lang.String name, com.google.gwt.user.client.rpc.AsyncCallback<sweng2023.sweng.GreetingResponse> arg2);
	void login(java.lang.String username, java.lang.String password, com.google.gwt.user.client.rpc.AsyncCallback<java.lang.Boolean> arg3);
	void register(java.lang.String username, java.lang.String password, com.google.gwt.user.client.rpc.AsyncCallback<java.lang.String> arg3);
}
   [ERROR] Errors in 'sweng2023/sweng/PokemonPage.java'
      [ERROR] Line 15: Failed to resolve 'sweng2023.sweng.GreetingService' via deferred binding
   Computing all possible rebind results for 'sweng2023.sweng.GreetingService'
      Rebinding sweng2023.sweng.GreetingService
         Invoking generator com.google.gwt.user.rebind.rpc.ServiceInterfaceProxyGenerator
            Generating client proxy for remote service interface 'sweng2023.sweng.GreetingService'
               Checking the synchronous interface 'sweng2023.sweng.GreetingService' against its asynchronous version 'sweng2023.sweng.GreetingServiceAsync'
                  [ERROR] The asynchronous version of sweng2023.sweng.GreetingService has more methods than the synchronous version
                  A valid definition for the asynchronous version of interface 'sweng2023.sweng.GreetingService' would be:

                     [ERROR] 
package sweng2023.sweng;

public interface GreetingServiceAsync {
	void getCarte(java.lang.String filename, java.lang.String mapName, com.google.gwt.user.client.rpc.AsyncCallback<java.util.ArrayList<sweng2023.sweng.Carta>> arg3);
	void greetServer(java.lang.String name, com.google.gwt.user.client.rpc.AsyncCallback<sweng2023.sweng.GreetingResponse> arg2);
	void login(java.lang.String username, java.lang.String password, com.google.gwt.user.client.rpc.AsyncCallback<java.lang.Boolean> arg3);
	void register(java.lang.String username, java.lang.String password, com.google.gwt.user.client.rpc.AsyncCallback<java.lang.String> arg3);
}
   [ERROR] Errors in 'sweng2023/sweng/Login.java'
      [ERROR] Line 19: Failed to resolve 'sweng2023.sweng.GreetingService' via deferred binding
   Computing all possible rebind results for 'sweng2023.sweng.GreetingService'
      Rebinding sweng2023.sweng.GreetingService
         Invoking generator com.google.gwt.user.rebind.rpc.ServiceInterfaceProxyGenerator
            Generating client proxy for remote service interface 'sweng2023.sweng.GreetingService'
               Checking the synchronous interface 'sweng2023.sweng.GreetingService' against its asynchronous version 'sweng2023.sweng.GreetingServiceAsync'
                  [ERROR] The asynchronous version of sweng2023.sweng.GreetingService has more methods than the synchronous version
                  A valid definition for the asynchronous version of interface 'sweng2023.sweng.GreetingService' would be:

                     [ERROR] 
package sweng2023.sweng;

public interface GreetingServiceAsync {
	void getCarte(java.lang.String filename, java.lang.String mapName, com.google.gwt.user.client.rpc.AsyncCallback<java.util.ArrayList<sweng2023.sweng.Carta>> arg3);
	void greetServer(java.lang.String name, com.google.gwt.user.client.rpc.AsyncCallback<sweng2023.sweng.GreetingResponse> arg2);
	void login(java.lang.String username, java.lang.String password, com.google.gwt.user.client.rpc.AsyncCallback<java.lang.Boolean> arg3);
	void register(java.lang.String username, java.lang.String password, com.google.gwt.user.client.rpc.AsyncCallback<java.lang.String> arg3);
}
   [ERROR] Errors in 'sweng2023/sweng/MagicPage.java'
      [ERROR] Line 15: Failed to resolve 'sweng2023.sweng.GreetingService' via deferred binding
   Unification traversed 835 fields and methods and 478 types. 8 are considered part of the current module and 16 had all of their fields and methods traversed.
   [WARN] Some stale types ([sweng2023.sweng.GreetingService_Proxy]) were not reprocessed as was expected. This is either a compiler bug or a Generator has legitimately stopped creating these types.
[ERROR] Compiler returned false
